<?xml version="1.0" encoding="UTF-8"?>
<!-- Generated by org.testng.reporters.JUnitReportReporter -->
<testsuite hostname="shreeshail-lp" name="seleniumdemotests.bookflight.BookFlightWithPreExistingUserOnHome" tests="1" failures="0" timestamp="30 Aug 2020 18:37:43 GMT" time="52.716" errors="0">
  <testcase name="testBookFlightWithPreExistingUserOnHome" time="52.716" classname="seleniumdemotests.bookflight.BookFlightWithPreExistingUserOnHome"/>
</testsuite> <!-- seleniumdemotests.bookflight.BookFlightWithPreExistingUserOnHome -->
