<?xml version="1.0" encoding="UTF-8"?>
<!-- Generated by org.testng.reporters.JUnitReportReporter -->
<testsuite hostname="shreeshail-lp" name="seleniumdemotests.RegisterTest" tests="1" failures="0" timestamp="30 Aug 2020 18:37:43 GMT" time="8.142" errors="0">
  <testcase name="register" time="8.142" classname="seleniumdemotests.RegisterTest"/>
</testsuite> <!-- seleniumdemotests.RegisterTest -->
