<?xml version="1.0" encoding="UTF-8"?>
<!-- Generated by org.testng.reporters.JUnitReportReporter -->
<testsuite hostname="shreeshail-lp" name="seleniumdemotests.bookflight.BookFlightTestWithOutSignIn" tests="1" failures="0" timestamp="30 Aug 2020 18:37:42 GMT" time="32.030" errors="0">
  <testcase name="testBookFlightWithoutSignIn" time="32.030" classname="seleniumdemotests.bookflight.BookFlightTestWithOutSignIn"/>
</testsuite> <!-- seleniumdemotests.bookflight.BookFlightTestWithOutSignIn -->
